{"/Users/nikitin/Documents/mindbox-quick-start/src/server/index.ts": {"path":"/Users/nikitin/Documents/mindbox-quick-start/src/server/index.ts","statementMap":{"0":{"start":{"line":11,"column":12},"end":{"line":11,"column":21}},"1":{"start":{"line":13,"column":0},"end":{"line":13,"column":16}},"2":{"start":{"line":15,"column":0},"end":{"line":15,"column":27}},"3":{"start":{"line":16,"column":0},"end":{"line":16,"column":25}},"4":{"start":{"line":17,"column":0},"end":{"line":17,"column":40}},"5":{"start":{"line":19,"column":0},"end":{"line":19,"column":26}},"6":{"start":{"line":20,"column":0},"end":{"line":20,"column":33}},"7":{"start":{"line":21,"column":0},"end":{"line":21,"column":42}},"8":{"start":{"line":23,"column":13},"end":{"line":23,"column":37}},"9":{"start":{"line":25,"column":22},"end":{"line":25,"column":38}}},"fnMap":{},"branchMap":{"0":{"loc":{"start":{"line":23,"column":13},"end":{"line":23,"column":37}},"type":"binary-expr","locations":[{"start":{"line":23,"column":13},"end":{"line":23,"column":29}},{"start":{"line":23,"column":33},"end":{"line":23,"column":37}}],"line":23}},"s":{"0":3,"1":3,"2":3,"3":3,"4":3,"5":3,"6":3,"7":3,"8":3,"9":3},"f":{},"b":{"0":[3,0]},"_coverageSchema":"1a1c01bbd47fc00a2c39e90264f33305004495a9","hash":"cad94bd25b6185a4bc7082184e900324429128b5"}
,"/Users/nikitin/Documents/mindbox-quick-start/src/server/helpers/checkTocken.ts": {"path":"/Users/nikitin/Documents/mindbox-quick-start/src/server/helpers/checkTocken.ts","statementMap":{"0":{"start":{"line":9,"column":20},"end":{"line":14,"column":1}},"1":{"start":{"line":10,"column":2},"end":{"line":13,"column":20}}},"fnMap":{"0":{"name":"(anonymous_0)","decl":{"start":{"line":9,"column":20},"end":{"line":9,"column":21}},"loc":{"start":{"line":9,"column":53},"end":{"line":14,"column":1}},"line":9}},"branchMap":{"0":{"loc":{"start":{"line":12,"column":4},"end":{"line":12,"column":43}},"type":"binary-expr","locations":[{"start":{"line":12,"column":4},"end":{"line":12,"column":26}},{"start":{"line":12,"column":30},"end":{"line":12,"column":43}}],"line":12}},"s":{"0":4,"1":16},"f":{"0":16},"b":{"0":[16,2]},"_coverageSchema":"1a1c01bbd47fc00a2c39e90264f33305004495a9","hash":"e767313a5c1c1d0f21dac981f8694acd10e4da2c"}
,"/Users/nikitin/Documents/mindbox-quick-start/src/server/helpers/generateAccessToken.ts": {"path":"/Users/nikitin/Documents/mindbox-quick-start/src/server/helpers/generateAccessToken.ts","statementMap":{"0":{"start":{"line":3,"column":28},"end":{"line":7,"column":1}},"1":{"start":{"line":4,"column":2},"end":{"line":6,"column":5}}},"fnMap":{"0":{"name":"(anonymous_0)","decl":{"start":{"line":3,"column":28},"end":{"line":3,"column":29}},"loc":{"start":{"line":3,"column":55},"end":{"line":7,"column":1}},"line":3}},"branchMap":{"0":{"loc":{"start":{"line":4,"column":29},"end":{"line":4,"column":68}},"type":"binary-expr","locations":[{"start":{"line":4,"column":29},"end":{"line":4,"column":51}},{"start":{"line":4,"column":55},"end":{"line":4,"column":68}}],"line":4}},"s":{"0":4,"1":5},"f":{"0":5},"b":{"0":[5,1]},"_coverageSchema":"1a1c01bbd47fc00a2c39e90264f33305004495a9","hash":"c2fe8f291e0dcef61ce91c59ff3dbc8aa8838118"}
,"/Users/nikitin/Documents/mindbox-quick-start/src/server/models/Message.ts": {"path":"/Users/nikitin/Documents/mindbox-quick-start/src/server/models/Message.ts","statementMap":{"0":{"start":{"line":3,"column":20},"end":{"line":48,"column":1}},"1":{"start":{"line":5,"column":4},"end":{"line":25,"column":5}},"2":{"start":{"line":27,"column":4},"end":{"line":47,"column":5}}},"fnMap":{"0":{"name":"(anonymous_0)","decl":{"start":{"line":4,"column":6},"end":{"line":4,"column":7}},"loc":{"start":{"line":5,"column":4},"end":{"line":25,"column":5}},"line":5},"1":{"name":"(anonymous_1)","decl":{"start":{"line":26,"column":8},"end":{"line":26,"column":9}},"loc":{"start":{"line":27,"column":4},"end":{"line":47,"column":5}},"line":27}},"branchMap":{},"s":{"0":3,"1":2,"2":2},"f":{"0":2,"1":2},"b":{},"_coverageSchema":"1a1c01bbd47fc00a2c39e90264f33305004495a9","hash":"21c33d10617a9fe192c8355ec6c5380bfab6a2d2"}
,"/Users/nikitin/Documents/mindbox-quick-start/src/server/models/Scenarios.ts": {"path":"/Users/nikitin/Documents/mindbox-quick-start/src/server/models/Scenarios.ts","statementMap":{"0":{"start":{"line":5,"column":29},"end":{"line":46,"column":1}},"1":{"start":{"line":7,"column":4},"end":{"line":15,"column":5}},"2":{"start":{"line":17,"column":4},"end":{"line":25,"column":5}},"3":{"start":{"line":27,"column":4},"end":{"line":35,"column":5}},"4":{"start":{"line":37,"column":4},"end":{"line":45,"column":5}}},"fnMap":{"0":{"name":"(anonymous_0)","decl":{"start":{"line":6,"column":13},"end":{"line":6,"column":14}},"loc":{"start":{"line":7,"column":4},"end":{"line":15,"column":5}},"line":7},"1":{"name":"(anonymous_1)","decl":{"start":{"line":16,"column":17},"end":{"line":16,"column":18}},"loc":{"start":{"line":17,"column":4},"end":{"line":25,"column":5}},"line":17},"2":{"name":"(anonymous_2)","decl":{"start":{"line":26,"column":17},"end":{"line":26,"column":18}},"loc":{"start":{"line":27,"column":4},"end":{"line":35,"column":5}},"line":27},"3":{"name":"(anonymous_3)","decl":{"start":{"line":36,"column":14},"end":{"line":36,"column":15}},"loc":{"start":{"line":37,"column":4},"end":{"line":45,"column":5}},"line":37}},"branchMap":{},"s":{"0":2,"1":2,"2":2,"3":2,"4":2},"f":{"0":2,"1":2,"2":2,"3":2},"b":{},"_coverageSchema":"1a1c01bbd47fc00a2c39e90264f33305004495a9","hash":"4d38cd082268c6167f82ebda2203078a60274b5e"}
,"/Users/nikitin/Documents/mindbox-quick-start/src/server/models/User.ts": {"path":"/Users/nikitin/Documents/mindbox-quick-start/src/server/models/User.ts","statementMap":{"0":{"start":{"line":31,"column":4},"end":{"line":31,"column":23}},"1":{"start":{"line":32,"column":4},"end":{"line":32,"column":29}},"2":{"start":{"line":36,"column":4},"end":{"line":39,"column":7}},"3":{"start":{"line":40,"column":4},"end":{"line":40,"column":25}},"4":{"start":{"line":44,"column":17},"end":{"line":58,"column":5}},"5":{"start":{"line":60,"column":4},"end":{"line":62,"column":5}},"6":{"start":{"line":61,"column":6},"end":{"line":61,"column":37}},"7":{"start":{"line":64,"column":4},"end":{"line":64,"column":59}},"8":{"start":{"line":68,"column":4},"end":{"line":83,"column":6}},"9":{"start":{"line":87,"column":17},"end":{"line":102,"column":5}},"10":{"start":{"line":104,"column":4},"end":{"line":106,"column":5}},"11":{"start":{"line":105,"column":6},"end":{"line":105,"column":37}},"12":{"start":{"line":108,"column":4},"end":{"line":108,"column":77}}},"fnMap":{"0":{"name":"(anonymous_0)","decl":{"start":{"line":30,"column":2},"end":{"line":30,"column":3}},"loc":{"start":{"line":30,"column":48},"end":{"line":33,"column":3}},"line":30},"1":{"name":"(anonymous_1)","decl":{"start":{"line":35,"column":2},"end":{"line":35,"column":3}},"loc":{"start":{"line":35,"column":20},"end":{"line":41,"column":3}},"line":35},"2":{"name":"(anonymous_2)","decl":{"start":{"line":43,"column":2},"end":{"line":43,"column":3}},"loc":{"start":{"line":43,"column":50},"end":{"line":65,"column":3}},"line":43},"3":{"name":"(anonymous_3)","decl":{"start":{"line":67,"column":2},"end":{"line":67,"column":3}},"loc":{"start":{"line":67,"column":36},"end":{"line":84,"column":3}},"line":67},"4":{"name":"(anonymous_4)","decl":{"start":{"line":86,"column":2},"end":{"line":86,"column":3}},"loc":{"start":{"line":86,"column":39},"end":{"line":109,"column":3}},"line":86}},"branchMap":{"0":{"loc":{"start":{"line":60,"column":4},"end":{"line":62,"column":5}},"type":"if","locations":[{"start":{"line":60,"column":4},"end":{"line":62,"column":5}},{"start":{"line":60,"column":4},"end":{"line":62,"column":5}}],"line":60},"1":{"loc":{"start":{"line":104,"column":4},"end":{"line":106,"column":5}},"type":"if","locations":[{"start":{"line":104,"column":4},"end":{"line":106,"column":5}},{"start":{"line":104,"column":4},"end":{"line":106,"column":5}}],"line":104}},"s":{"0":10,"1":10,"2":3,"3":3,"4":7,"5":5,"6":1,"7":4,"8":2,"9":4,"10":4,"11":0,"12":4},"f":{"0":10,"1":3,"2":7,"3":2,"4":4},"b":{"0":[1,4],"1":[0,4]},"_coverageSchema":"1a1c01bbd47fc00a2c39e90264f33305004495a9","hash":"411d4eabf40aa9c908e46623c3d6d8ff5de8c2a1"}
,"/Users/nikitin/Documents/mindbox-quick-start/src/server/routes/pagesRoutes.ts": {"path":"/Users/nikitin/Documents/mindbox-quick-start/src/server/routes/pagesRoutes.ts","statementMap":{"0":{"start":{"line":5,"column":20},"end":{"line":5,"column":28}},"1":{"start":{"line":7,"column":0},"end":{"line":17,"column":3}},"2":{"start":{"line":8,"column":2},"end":{"line":16,"column":3}},"3":{"start":{"line":9,"column":4},"end":{"line":9,"column":40}},"4":{"start":{"line":11,"column":4},"end":{"line":11,"column":30}},"5":{"start":{"line":13,"column":4},"end":{"line":13,"column":23}},"6":{"start":{"line":15,"column":4},"end":{"line":15,"column":69}},"7":{"start":{"line":19,"column":0},"end":{"line":21,"column":3}},"8":{"start":{"line":20,"column":2},"end":{"line":20,"column":65}},"9":{"start":{"line":23,"column":0},"end":{"line":31,"column":3}},"10":{"start":{"line":24,"column":2},"end":{"line":30,"column":3}},"11":{"start":{"line":25,"column":4},"end":{"line":25,"column":40}},"12":{"start":{"line":26,"column":4},"end":{"line":26,"column":72}},"13":{"start":{"line":28,"column":4},"end":{"line":28,"column":23}},"14":{"start":{"line":29,"column":4},"end":{"line":29,"column":22}}},"fnMap":{"0":{"name":"(anonymous_0)","decl":{"start":{"line":7,"column":21},"end":{"line":7,"column":22}},"loc":{"start":{"line":7,"column":54},"end":{"line":17,"column":1}},"line":7},"1":{"name":"(anonymous_1)","decl":{"start":{"line":19,"column":33},"end":{"line":19,"column":34}},"loc":{"start":{"line":19,"column":66},"end":{"line":21,"column":1}},"line":19},"2":{"name":"(anonymous_2)","decl":{"start":{"line":23,"column":29},"end":{"line":23,"column":30}},"loc":{"start":{"line":23,"column":62},"end":{"line":31,"column":1}},"line":23}},"branchMap":{"0":{"loc":{"start":{"line":9,"column":15},"end":{"line":9,"column":38}},"type":"binary-expr","locations":[{"start":{"line":9,"column":15},"end":{"line":9,"column":32}},{"start":{"line":9,"column":36},"end":{"line":9,"column":38}}],"line":9},"1":{"loc":{"start":{"line":25,"column":15},"end":{"line":25,"column":38}},"type":"binary-expr","locations":[{"start":{"line":25,"column":15},"end":{"line":25,"column":32}},{"start":{"line":25,"column":36},"end":{"line":25,"column":38}}],"line":25}},"s":{"0":3,"1":3,"2":2,"3":2,"4":1,"5":1,"6":1,"7":3,"8":1,"9":3,"10":2,"11":2,"12":1,"13":1,"14":1},"f":{"0":2,"1":1,"2":2},"b":{"0":[2,0],"1":[2,0]},"_coverageSchema":"1a1c01bbd47fc00a2c39e90264f33305004495a9","hash":"d0a74469774e64c9cae6e4643c4c98629178f873"}
,"/Users/nikitin/Documents/mindbox-quick-start/src/server/routes/scenariosRoutes.ts": {"path":"/Users/nikitin/Documents/mindbox-quick-start/src/server/routes/scenariosRoutes.ts","statementMap":{"0":{"start":{"line":9,"column":24},"end":{"line":9,"column":32}},"1":{"start":{"line":10,"column":0},"end":{"line":41,"column":2}},"2":{"start":{"line":20,"column":4},"end":{"line":39,"column":5}},"3":{"start":{"line":21,"column":6},"end":{"line":25,"column":7}},"4":{"start":{"line":22,"column":8},"end":{"line":22,"column":52}},"5":{"start":{"line":24,"column":8},"end":{"line":24,"column":36}},"6":{"start":{"line":27,"column":6},"end":{"line":27,"column":26}},"7":{"start":{"line":29,"column":23},"end":{"line":29,"column":51}},"8":{"start":{"line":30,"column":6},"end":{"line":30,"column":68}},"9":{"start":{"line":32,"column":6},"end":{"line":34,"column":7}},"10":{"start":{"line":33,"column":8},"end":{"line":33,"column":71}},"11":{"start":{"line":36,"column":6},"end":{"line":38,"column":7}},"12":{"start":{"line":37,"column":8},"end":{"line":37,"column":73}}},"fnMap":{"0":{"name":"(anonymous_0)","decl":{"start":{"line":12,"column":2},"end":{"line":12,"column":3}},"loc":{"start":{"line":16,"column":7},"end":{"line":40,"column":3}},"line":16}},"branchMap":{"0":{"loc":{"start":{"line":32,"column":6},"end":{"line":34,"column":7}},"type":"if","locations":[{"start":{"line":32,"column":6},"end":{"line":34,"column":7}},{"start":{"line":32,"column":6},"end":{"line":34,"column":7}}],"line":32},"1":{"loc":{"start":{"line":36,"column":6},"end":{"line":38,"column":7}},"type":"if","locations":[{"start":{"line":36,"column":6},"end":{"line":38,"column":7}},{"start":{"line":36,"column":6},"end":{"line":38,"column":7}}],"line":36}},"s":{"0":3,"1":3,"2":10,"3":10,"4":10,"5":3,"6":10,"7":7,"8":7,"9":6,"10":6,"11":4,"12":1},"f":{"0":10},"b":{"0":[6,0],"1":[1,3]},"_coverageSchema":"1a1c01bbd47fc00a2c39e90264f33305004495a9","hash":"babfc144f59c7efef947c96f632904556d71e280"}
,"/Users/nikitin/Documents/mindbox-quick-start/src/server/routes/userRoutes.ts": {"path":"/Users/nikitin/Documents/mindbox-quick-start/src/server/routes/userRoutes.ts","statementMap":{"0":{"start":{"line":6,"column":19},"end":{"line":6,"column":27}},"1":{"start":{"line":10,"column":0},"end":{"line":32,"column":2}},"2":{"start":{"line":13,"column":4},"end":{"line":30,"column":5}},"3":{"start":{"line":14,"column":19},"end":{"line":14,"column":62}},"4":{"start":{"line":15,"column":35},"end":{"line":15,"column":58}},"5":{"start":{"line":19,"column":6},"end":{"line":25,"column":7}},"6":{"start":{"line":20,"column":8},"end":{"line":20,"column":54}},"7":{"start":{"line":22,"column":8},"end":{"line":22,"column":30}},"8":{"start":{"line":24,"column":8},"end":{"line":24,"column":28}},"9":{"start":{"line":27,"column":6},"end":{"line":27,"column":25}},"10":{"start":{"line":29,"column":6},"end":{"line":29,"column":26}},"11":{"start":{"line":34,"column":0},"end":{"line":48,"column":3}},"12":{"start":{"line":35,"column":15},"end":{"line":35,"column":58}},"13":{"start":{"line":36,"column":2},"end":{"line":47,"column":3}},"14":{"start":{"line":37,"column":24},"end":{"line":37,"column":58}},"15":{"start":{"line":38,"column":4},"end":{"line":43,"column":5}},"16":{"start":{"line":39,"column":6},"end":{"line":39,"column":32}},"17":{"start":{"line":40,"column":6},"end":{"line":40,"column":26}},"18":{"start":{"line":42,"column":6},"end":{"line":42,"column":26}},"19":{"start":{"line":45,"column":4},"end":{"line":45,"column":23}},"20":{"start":{"line":46,"column":4},"end":{"line":46,"column":24}}},"fnMap":{"0":{"name":"(anonymous_0)","decl":{"start":{"line":12,"column":2},"end":{"line":12,"column":3}},"loc":{"start":{"line":12,"column":66},"end":{"line":31,"column":3}},"line":12},"1":{"name":"(anonymous_1)","decl":{"start":{"line":34,"column":24},"end":{"line":34,"column":25}},"loc":{"start":{"line":34,"column":63},"end":{"line":48,"column":1}},"line":34}},"branchMap":{"0":{"loc":{"start":{"line":19,"column":6},"end":{"line":25,"column":7}},"type":"if","locations":[{"start":{"line":19,"column":6},"end":{"line":25,"column":7}},{"start":{"line":19,"column":6},"end":{"line":25,"column":7}}],"line":19},"1":{"loc":{"start":{"line":38,"column":4},"end":{"line":43,"column":5}},"type":"if","locations":[{"start":{"line":38,"column":4},"end":{"line":43,"column":5}},{"start":{"line":38,"column":4},"end":{"line":43,"column":5}}],"line":38}},"s":{"0":3,"1":3,"2":2,"3":2,"4":2,"5":2,"6":1,"7":1,"8":1,"9":0,"10":0,"11":3,"12":4,"13":4,"14":4,"15":2,"16":1,"17":1,"18":1,"19":2,"20":2},"f":{"0":2,"1":4},"b":{"0":[1,1],"1":[1,1]},"_coverageSchema":"1a1c01bbd47fc00a2c39e90264f33305004495a9","hash":"2f9157bc14a51dd43fccdbdba29f2d9631cc61c0"}
}
