TN:
SF:src/server/index.ts
FNF:0
FNH:0
DA:11,3
DA:13,3
DA:15,3
DA:16,3
DA:17,3
DA:19,3
DA:20,3
DA:21,3
DA:23,3
DA:25,3
LF:10
LH:10
BRDA:23,0,0,3
BRDA:23,0,1,0
BRF:2
BRH:1
end_of_record
TN:
SF:src/server/helpers/checkTocken.ts
FN:9,(anonymous_0)
FNF:1
FNH:1
FNDA:16,(anonymous_0)
DA:9,4
DA:10,16
LF:2
LH:2
BRDA:12,0,0,16
BRDA:12,0,1,2
BRF:2
BRH:2
end_of_record
TN:
SF:src/server/helpers/generateAccessToken.ts
FN:3,(anonymous_0)
FNF:1
FNH:1
FNDA:5,(anonymous_0)
DA:3,4
DA:4,5
LF:2
LH:2
BRDA:4,0,0,5
BRDA:4,0,1,1
BRF:2
BRH:2
end_of_record
TN:
SF:src/server/models/Message.ts
FN:4,(anonymous_0)
FN:26,(anonymous_1)
FNF:2
FNH:2
FNDA:2,(anonymous_0)
FNDA:2,(anonymous_1)
DA:3,3
DA:5,2
DA:27,2
LF:3
LH:3
BRF:0
BRH:0
end_of_record
TN:
SF:src/server/models/Scenarios.ts
FN:6,(anonymous_0)
FN:16,(anonymous_1)
FN:26,(anonymous_2)
FN:36,(anonymous_3)
FNF:4
FNH:4
FNDA:2,(anonymous_0)
FNDA:2,(anonymous_1)
FNDA:2,(anonymous_2)
FNDA:2,(anonymous_3)
DA:5,2
DA:7,2
DA:17,2
DA:27,2
DA:37,2
LF:5
LH:5
BRF:0
BRH:0
end_of_record
TN:
SF:src/server/models/User.ts
FN:30,(anonymous_0)
FN:35,(anonymous_1)
FN:43,(anonymous_2)
FN:67,(anonymous_3)
FN:86,(anonymous_4)
FNF:5
FNH:5
FNDA:10,(anonymous_0)
FNDA:3,(anonymous_1)
FNDA:7,(anonymous_2)
FNDA:2,(anonymous_3)
FNDA:4,(anonymous_4)
DA:31,10
DA:32,10
DA:36,3
DA:40,3
DA:44,7
DA:60,5
DA:61,1
DA:64,4
DA:68,2
DA:87,4
DA:104,4
DA:105,0
DA:108,4
LF:13
LH:12
BRDA:60,0,0,1
BRDA:60,0,1,4
BRDA:104,1,0,0
BRDA:104,1,1,4
BRF:4
BRH:3
end_of_record
TN:
SF:src/server/routes/pagesRoutes.ts
FN:7,(anonymous_0)
FN:19,(anonymous_1)
FN:23,(anonymous_2)
FNF:3
FNH:3
FNDA:2,(anonymous_0)
FNDA:1,(anonymous_1)
FNDA:2,(anonymous_2)
DA:5,3
DA:7,3
DA:8,2
DA:9,2
DA:11,1
DA:13,1
DA:15,1
DA:19,3
DA:20,1
DA:23,3
DA:24,2
DA:25,2
DA:26,1
DA:28,1
DA:29,1
LF:15
LH:15
BRDA:9,0,0,2
BRDA:9,0,1,0
BRDA:25,1,0,2
BRDA:25,1,1,0
BRF:4
BRH:2
end_of_record
TN:
SF:src/server/routes/scenariosRoutes.ts
FN:12,(anonymous_0)
FNF:1
FNH:1
FNDA:10,(anonymous_0)
DA:9,3
DA:10,3
DA:20,10
DA:21,10
DA:22,10
DA:24,3
DA:27,10
DA:29,7
DA:30,7
DA:32,6
DA:33,6
DA:36,4
DA:37,1
LF:13
LH:13
BRDA:32,0,0,6
BRDA:32,0,1,0
BRDA:36,1,0,1
BRDA:36,1,1,3
BRF:4
BRH:3
end_of_record
TN:
SF:src/server/routes/userRoutes.ts
FN:12,(anonymous_0)
FN:34,(anonymous_1)
FNF:2
FNH:2
FNDA:2,(anonymous_0)
FNDA:4,(anonymous_1)
DA:6,3
DA:10,3
DA:13,2
DA:14,2
DA:15,2
DA:19,2
DA:20,1
DA:22,1
DA:24,1
DA:27,0
DA:29,0
DA:34,3
DA:35,4
DA:36,4
DA:37,4
DA:38,2
DA:39,1
DA:40,1
DA:42,1
DA:45,2
DA:46,2
LF:21
LH:19
BRDA:19,0,0,1
BRDA:19,0,1,1
BRDA:38,1,0,1
BRDA:38,1,1,1
BRF:4
BRH:4
end_of_record
